D:\LANGUAGE PROGRAM\LAP TRINH C[C++]\GAMEDONGIAN\GAMEDONGIAN\DEBUG\VC110.PDB
D:\LANGUAGE PROGRAM\LAP TRINH C[C++]\GAMEDONGIAN\GAMEDONGIAN\DEBUG\SOURCE.OBJ
D:\LANGUAGE PROGRAM\LAP TRINH C[C++]\GAMEDONGIAN\GAMEDONGIAN\DEBUG\SOURCE1.OBJ
D:\LANGUAGE PROGRAM\LAP TRINH C[C++]\GAMEDONGIAN\GAMEDONGIAN\DEBUG\SOURCE21.OBJ
D:\LANGUAGE PROGRAM\LAP TRINH C[C++]\GAMEDONGIAN\DEBUG\GAMEDONGIAN.ILK
D:\LANGUAGE PROGRAM\LAP TRINH C[C++]\GAMEDONGIAN\DEBUG\GAMEDONGIAN.EXE
D:\LANGUAGE PROGRAM\LAP TRINH C[C++]\GAMEDONGIAN\DEBUG\GAMEDONGIAN.PDB
D:\LANGUAGE PROGRAM\LAP TRINH C[C++]\GAMEDONGIAN\GAMEDONGIAN\DEBUG\GAMEDONGIAN.RES
D:\Language Program\lap trinh C[C++]\GameDonGian\GameDonGian\Debug\Source.obj
D:\Language Program\lap trinh C[C++]\GameDonGian\GameDonGian\Debug\Source1.obj
D:\Language Program\lap trinh C[C++]\GameDonGian\GameDonGian\Debug\Source21.obj
D:\Language Program\lap trinh C[C++]\GameDonGian\GameDonGian\Debug\cl.command.1.tlog
D:\Language Program\lap trinh C[C++]\GameDonGian\GameDonGian\Debug\CL.read.1.tlog
D:\Language Program\lap trinh C[C++]\GameDonGian\GameDonGian\Debug\CL.write.1.tlog
D:\Language Program\lap trinh C[C++]\GameDonGian\GameDonGian\Debug\link-cvtres.read.1.tlog
D:\Language Program\lap trinh C[C++]\GameDonGian\GameDonGian\Debug\link-cvtres.write.1.tlog
D:\Language Program\lap trinh C[C++]\GameDonGian\GameDonGian\Debug\link-rc.read.1.tlog
D:\Language Program\lap trinh C[C++]\GameDonGian\GameDonGian\Debug\link-rc.write.1.tlog
D:\Language Program\lap trinh C[C++]\GameDonGian\GameDonGian\Debug\link.118120-cvtres.read.1.tlog
D:\Language Program\lap trinh C[C++]\GameDonGian\GameDonGian\Debug\link.118120-cvtres.write.1.tlog
D:\Language Program\lap trinh C[C++]\GameDonGian\GameDonGian\Debug\link.118120-rc.read.1.tlog
D:\Language Program\lap trinh C[C++]\GameDonGian\GameDonGian\Debug\link.118120-rc.write.1.tlog
D:\Language Program\lap trinh C[C++]\GameDonGian\GameDonGian\Debug\link.118120.read.1.tlog
D:\Language Program\lap trinh C[C++]\GameDonGian\GameDonGian\Debug\link.118120.write.1.tlog
D:\Language Program\lap trinh C[C++]\GameDonGian\GameDonGian\Debug\link.120540-cvtres.read.1.tlog
D:\Language Program\lap trinh C[C++]\GameDonGian\GameDonGian\Debug\link.120540-cvtres.write.1.tlog
D:\Language Program\lap trinh C[C++]\GameDonGian\GameDonGian\Debug\link.120540-rc.read.1.tlog
D:\Language Program\lap trinh C[C++]\GameDonGian\GameDonGian\Debug\link.120540-rc.write.1.tlog
D:\Language Program\lap trinh C[C++]\GameDonGian\GameDonGian\Debug\link.120540.read.1.tlog
D:\Language Program\lap trinh C[C++]\GameDonGian\GameDonGian\Debug\link.120540.write.1.tlog
D:\Language Program\lap trinh C[C++]\GameDonGian\GameDonGian\Debug\link.124952-cvtres.read.1.tlog
D:\Language Program\lap trinh C[C++]\GameDonGian\GameDonGian\Debug\link.124952-cvtres.write.1.tlog
D:\Language Program\lap trinh C[C++]\GameDonGian\GameDonGian\Debug\link.124952-rc.read.1.tlog
D:\Language Program\lap trinh C[C++]\GameDonGian\GameDonGian\Debug\link.124952-rc.write.1.tlog
D:\Language Program\lap trinh C[C++]\GameDonGian\GameDonGian\Debug\link.124952.read.1.tlog
D:\Language Program\lap trinh C[C++]\GameDonGian\GameDonGian\Debug\link.124952.write.1.tlog
D:\Language Program\lap trinh C[C++]\GameDonGian\GameDonGian\Debug\link.125252-cvtres.read.1.tlog
D:\Language Program\lap trinh C[C++]\GameDonGian\GameDonGian\Debug\link.125252-cvtres.write.1.tlog
D:\Language Program\lap trinh C[C++]\GameDonGian\GameDonGian\Debug\link.125252-rc.read.1.tlog
D:\Language Program\lap trinh C[C++]\GameDonGian\GameDonGian\Debug\link.125252-rc.write.1.tlog
D:\Language Program\lap trinh C[C++]\GameDonGian\GameDonGian\Debug\link.125252.read.1.tlog
D:\Language Program\lap trinh C[C++]\GameDonGian\GameDonGian\Debug\link.125252.write.1.tlog
D:\Language Program\lap trinh C[C++]\GameDonGian\GameDonGian\Debug\link.125784-cvtres.read.1.tlog
D:\Language Program\lap trinh C[C++]\GameDonGian\GameDonGian\Debug\link.125784-cvtres.write.1.tlog
D:\Language Program\lap trinh C[C++]\GameDonGian\GameDonGian\Debug\link.125784-rc.read.1.tlog
D:\Language Program\lap trinh C[C++]\GameDonGian\GameDonGian\Debug\link.125784-rc.write.1.tlog
D:\Language Program\lap trinh C[C++]\GameDonGian\GameDonGian\Debug\link.125784.read.1.tlog
D:\Language Program\lap trinh C[C++]\GameDonGian\GameDonGian\Debug\link.125784.write.1.tlog
D:\Language Program\lap trinh C[C++]\GameDonGian\GameDonGian\Debug\link.12748-cvtres.read.1.tlog
D:\Language Program\lap trinh C[C++]\GameDonGian\GameDonGian\Debug\link.12748-cvtres.write.1.tlog
D:\Language Program\lap trinh C[C++]\GameDonGian\GameDonGian\Debug\link.12748-rc.read.1.tlog
D:\Language Program\lap trinh C[C++]\GameDonGian\GameDonGian\Debug\link.12748-rc.write.1.tlog
D:\Language Program\lap trinh C[C++]\GameDonGian\GameDonGian\Debug\link.12748.read.1.tlog
D:\Language Program\lap trinh C[C++]\GameDonGian\GameDonGian\Debug\link.12748.write.1.tlog
D:\Language Program\lap trinh C[C++]\GameDonGian\GameDonGian\Debug\link.127692-cvtres.read.1.tlog
D:\Language Program\lap trinh C[C++]\GameDonGian\GameDonGian\Debug\link.127692-cvtres.write.1.tlog
D:\Language Program\lap trinh C[C++]\GameDonGian\GameDonGian\Debug\link.127692-rc.read.1.tlog
D:\Language Program\lap trinh C[C++]\GameDonGian\GameDonGian\Debug\link.127692-rc.write.1.tlog
D:\Language Program\lap trinh C[C++]\GameDonGian\GameDonGian\Debug\link.127692.read.1.tlog
D:\Language Program\lap trinh C[C++]\GameDonGian\GameDonGian\Debug\link.127692.write.1.tlog
D:\Language Program\lap trinh C[C++]\GameDonGian\GameDonGian\Debug\link.131480-cvtres.read.1.tlog
D:\Language Program\lap trinh C[C++]\GameDonGian\GameDonGian\Debug\link.131480-cvtres.write.1.tlog
D:\Language Program\lap trinh C[C++]\GameDonGian\GameDonGian\Debug\link.131480-rc.read.1.tlog
D:\Language Program\lap trinh C[C++]\GameDonGian\GameDonGian\Debug\link.131480-rc.write.1.tlog
D:\Language Program\lap trinh C[C++]\GameDonGian\GameDonGian\Debug\link.131480.read.1.tlog
D:\Language Program\lap trinh C[C++]\GameDonGian\GameDonGian\Debug\link.131480.write.1.tlog
D:\Language Program\lap trinh C[C++]\GameDonGian\GameDonGian\Debug\link.133896-cvtres.read.1.tlog
D:\Language Program\lap trinh C[C++]\GameDonGian\GameDonGian\Debug\link.133896-cvtres.write.1.tlog
D:\Language Program\lap trinh C[C++]\GameDonGian\GameDonGian\Debug\link.133896-rc.read.1.tlog
D:\Language Program\lap trinh C[C++]\GameDonGian\GameDonGian\Debug\link.133896-rc.write.1.tlog
D:\Language Program\lap trinh C[C++]\GameDonGian\GameDonGian\Debug\link.133896.read.1.tlog
D:\Language Program\lap trinh C[C++]\GameDonGian\GameDonGian\Debug\link.133896.write.1.tlog
D:\Language Program\lap trinh C[C++]\GameDonGian\GameDonGian\Debug\link.13452-cvtres.read.1.tlog
D:\Language Program\lap trinh C[C++]\GameDonGian\GameDonGian\Debug\link.13452-cvtres.write.1.tlog
D:\Language Program\lap trinh C[C++]\GameDonGian\GameDonGian\Debug\link.13452-rc.read.1.tlog
D:\Language Program\lap trinh C[C++]\GameDonGian\GameDonGian\Debug\link.13452-rc.write.1.tlog
D:\Language Program\lap trinh C[C++]\GameDonGian\GameDonGian\Debug\link.13452.read.1.tlog
D:\Language Program\lap trinh C[C++]\GameDonGian\GameDonGian\Debug\link.13452.write.1.tlog
D:\Language Program\lap trinh C[C++]\GameDonGian\GameDonGian\Debug\link.135624-cvtres.read.1.tlog
D:\Language Program\lap trinh C[C++]\GameDonGian\GameDonGian\Debug\link.135624-cvtres.write.1.tlog
D:\Language Program\lap trinh C[C++]\GameDonGian\GameDonGian\Debug\link.135624-rc.read.1.tlog
D:\Language Program\lap trinh C[C++]\GameDonGian\GameDonGian\Debug\link.135624-rc.write.1.tlog
D:\Language Program\lap trinh C[C++]\GameDonGian\GameDonGian\Debug\link.135624.read.1.tlog
D:\Language Program\lap trinh C[C++]\GameDonGian\GameDonGian\Debug\link.135624.write.1.tlog
D:\Language Program\lap trinh C[C++]\GameDonGian\GameDonGian\Debug\link.136200-cvtres.read.1.tlog
D:\Language Program\lap trinh C[C++]\GameDonGian\GameDonGian\Debug\link.136200-cvtres.write.1.tlog
D:\Language Program\lap trinh C[C++]\GameDonGian\GameDonGian\Debug\link.136200-rc.read.1.tlog
D:\Language Program\lap trinh C[C++]\GameDonGian\GameDonGian\Debug\link.136200-rc.write.1.tlog
D:\Language Program\lap trinh C[C++]\GameDonGian\GameDonGian\Debug\link.136200.read.1.tlog
D:\Language Program\lap trinh C[C++]\GameDonGian\GameDonGian\Debug\link.136200.write.1.tlog
D:\Language Program\lap trinh C[C++]\GameDonGian\GameDonGian\Debug\link.138392-cvtres.read.1.tlog
D:\Language Program\lap trinh C[C++]\GameDonGian\GameDonGian\Debug\link.138392-cvtres.write.1.tlog
D:\Language Program\lap trinh C[C++]\GameDonGian\GameDonGian\Debug\link.138392-rc.read.1.tlog
D:\Language Program\lap trinh C[C++]\GameDonGian\GameDonGian\Debug\link.138392-rc.write.1.tlog
D:\Language Program\lap trinh C[C++]\GameDonGian\GameDonGian\Debug\link.138392.read.1.tlog
D:\Language Program\lap trinh C[C++]\GameDonGian\GameDonGian\Debug\link.138392.write.1.tlog
D:\Language Program\lap trinh C[C++]\GameDonGian\GameDonGian\Debug\link.139556-cvtres.read.1.tlog
D:\Language Program\lap trinh C[C++]\GameDonGian\GameDonGian\Debug\link.139556-cvtres.write.1.tlog
D:\Language Program\lap trinh C[C++]\GameDonGian\GameDonGian\Debug\link.139556-rc.read.1.tlog
D:\Language Program\lap trinh C[C++]\GameDonGian\GameDonGian\Debug\link.139556-rc.write.1.tlog
D:\Language Program\lap trinh C[C++]\GameDonGian\GameDonGian\Debug\link.139556.read.1.tlog
D:\Language Program\lap trinh C[C++]\GameDonGian\GameDonGian\Debug\link.139556.write.1.tlog
D:\Language Program\lap trinh C[C++]\GameDonGian\GameDonGian\Debug\link.140368-cvtres.read.1.tlog
D:\Language Program\lap trinh C[C++]\GameDonGian\GameDonGian\Debug\link.140368-cvtres.write.1.tlog
D:\Language Program\lap trinh C[C++]\GameDonGian\GameDonGian\Debug\link.140368-rc.read.1.tlog
D:\Language Program\lap trinh C[C++]\GameDonGian\GameDonGian\Debug\link.140368-rc.write.1.tlog
D:\Language Program\lap trinh C[C++]\GameDonGian\GameDonGian\Debug\link.140368.read.1.tlog
D:\Language Program\lap trinh C[C++]\GameDonGian\GameDonGian\Debug\link.140368.write.1.tlog
D:\Language Program\lap trinh C[C++]\GameDonGian\GameDonGian\Debug\link.140496-cvtres.read.1.tlog
D:\Language Program\lap trinh C[C++]\GameDonGian\GameDonGian\Debug\link.140496-cvtres.write.1.tlog
D:\Language Program\lap trinh C[C++]\GameDonGian\GameDonGian\Debug\link.140496-rc.read.1.tlog
D:\Language Program\lap trinh C[C++]\GameDonGian\GameDonGian\Debug\link.140496-rc.write.1.tlog
D:\Language Program\lap trinh C[C++]\GameDonGian\GameDonGian\Debug\link.140496.read.1.tlog
D:\Language Program\lap trinh C[C++]\GameDonGian\GameDonGian\Debug\link.140496.write.1.tlog
D:\Language Program\lap trinh C[C++]\GameDonGian\GameDonGian\Debug\link.141608-cvtres.read.1.tlog
D:\Language Program\lap trinh C[C++]\GameDonGian\GameDonGian\Debug\link.141608-cvtres.write.1.tlog
D:\Language Program\lap trinh C[C++]\GameDonGian\GameDonGian\Debug\link.141608-rc.read.1.tlog
D:\Language Program\lap trinh C[C++]\GameDonGian\GameDonGian\Debug\link.141608-rc.write.1.tlog
D:\Language Program\lap trinh C[C++]\GameDonGian\GameDonGian\Debug\link.141608.read.1.tlog
D:\Language Program\lap trinh C[C++]\GameDonGian\GameDonGian\Debug\link.141608.write.1.tlog
D:\Language Program\lap trinh C[C++]\GameDonGian\GameDonGian\Debug\link.146224-cvtres.read.1.tlog
D:\Language Program\lap trinh C[C++]\GameDonGian\GameDonGian\Debug\link.146224-cvtres.write.1.tlog
D:\Language Program\lap trinh C[C++]\GameDonGian\GameDonGian\Debug\link.146224-rc.read.1.tlog
D:\Language Program\lap trinh C[C++]\GameDonGian\GameDonGian\Debug\link.146224-rc.write.1.tlog
D:\Language Program\lap trinh C[C++]\GameDonGian\GameDonGian\Debug\link.146224.read.1.tlog
D:\Language Program\lap trinh C[C++]\GameDonGian\GameDonGian\Debug\link.146224.write.1.tlog
D:\Language Program\lap trinh C[C++]\GameDonGian\GameDonGian\Debug\link.153096-cvtres.read.1.tlog
D:\Language Program\lap trinh C[C++]\GameDonGian\GameDonGian\Debug\link.153096-cvtres.write.1.tlog
D:\Language Program\lap trinh C[C++]\GameDonGian\GameDonGian\Debug\link.153096-rc.read.1.tlog
D:\Language Program\lap trinh C[C++]\GameDonGian\GameDonGian\Debug\link.153096-rc.write.1.tlog
D:\Language Program\lap trinh C[C++]\GameDonGian\GameDonGian\Debug\link.153096.read.1.tlog
D:\Language Program\lap trinh C[C++]\GameDonGian\GameDonGian\Debug\link.153096.write.1.tlog
D:\Language Program\lap trinh C[C++]\GameDonGian\GameDonGian\Debug\link.162908-cvtres.read.1.tlog
D:\Language Program\lap trinh C[C++]\GameDonGian\GameDonGian\Debug\link.162908-cvtres.write.1.tlog
D:\Language Program\lap trinh C[C++]\GameDonGian\GameDonGian\Debug\link.162908-rc.read.1.tlog
D:\Language Program\lap trinh C[C++]\GameDonGian\GameDonGian\Debug\link.162908-rc.write.1.tlog
D:\Language Program\lap trinh C[C++]\GameDonGian\GameDonGian\Debug\link.162908.read.1.tlog
D:\Language Program\lap trinh C[C++]\GameDonGian\GameDonGian\Debug\link.162908.write.1.tlog
D:\Language Program\lap trinh C[C++]\GameDonGian\GameDonGian\Debug\link.164012-cvtres.read.1.tlog
D:\Language Program\lap trinh C[C++]\GameDonGian\GameDonGian\Debug\link.164012-cvtres.write.1.tlog
D:\Language Program\lap trinh C[C++]\GameDonGian\GameDonGian\Debug\link.164012-rc.read.1.tlog
D:\Language Program\lap trinh C[C++]\GameDonGian\GameDonGian\Debug\link.164012-rc.write.1.tlog
D:\Language Program\lap trinh C[C++]\GameDonGian\GameDonGian\Debug\link.164012.read.1.tlog
D:\Language Program\lap trinh C[C++]\GameDonGian\GameDonGian\Debug\link.164012.write.1.tlog
D:\Language Program\lap trinh C[C++]\GameDonGian\GameDonGian\Debug\link.164052-cvtres.read.1.tlog
D:\Language Program\lap trinh C[C++]\GameDonGian\GameDonGian\Debug\link.164052-cvtres.write.1.tlog
D:\Language Program\lap trinh C[C++]\GameDonGian\GameDonGian\Debug\link.164052-rc.read.1.tlog
D:\Language Program\lap trinh C[C++]\GameDonGian\GameDonGian\Debug\link.164052-rc.write.1.tlog
D:\Language Program\lap trinh C[C++]\GameDonGian\GameDonGian\Debug\link.164052.read.1.tlog
D:\Language Program\lap trinh C[C++]\GameDonGian\GameDonGian\Debug\link.164052.write.1.tlog
D:\Language Program\lap trinh C[C++]\GameDonGian\GameDonGian\Debug\link.164468-cvtres.read.1.tlog
D:\Language Program\lap trinh C[C++]\GameDonGian\GameDonGian\Debug\link.164468-cvtres.write.1.tlog
D:\Language Program\lap trinh C[C++]\GameDonGian\GameDonGian\Debug\link.164468-rc.read.1.tlog
D:\Language Program\lap trinh C[C++]\GameDonGian\GameDonGian\Debug\link.164468-rc.write.1.tlog
D:\Language Program\lap trinh C[C++]\GameDonGian\GameDonGian\Debug\link.164468.read.1.tlog
D:\Language Program\lap trinh C[C++]\GameDonGian\GameDonGian\Debug\link.164468.write.1.tlog
D:\Language Program\lap trinh C[C++]\GameDonGian\GameDonGian\Debug\link.164488-cvtres.read.1.tlog
D:\Language Program\lap trinh C[C++]\GameDonGian\GameDonGian\Debug\link.164488-cvtres.write.1.tlog
D:\Language Program\lap trinh C[C++]\GameDonGian\GameDonGian\Debug\link.164488-rc.read.1.tlog
D:\Language Program\lap trinh C[C++]\GameDonGian\GameDonGian\Debug\link.164488-rc.write.1.tlog
D:\Language Program\lap trinh C[C++]\GameDonGian\GameDonGian\Debug\link.164488.read.1.tlog
D:\Language Program\lap trinh C[C++]\GameDonGian\GameDonGian\Debug\link.164488.write.1.tlog
D:\Language Program\lap trinh C[C++]\GameDonGian\GameDonGian\Debug\link.165260-cvtres.read.1.tlog
D:\Language Program\lap trinh C[C++]\GameDonGian\GameDonGian\Debug\link.165260-cvtres.write.1.tlog
D:\Language Program\lap trinh C[C++]\GameDonGian\GameDonGian\Debug\link.165260-rc.read.1.tlog
D:\Language Program\lap trinh C[C++]\GameDonGian\GameDonGian\Debug\link.165260-rc.write.1.tlog
D:\Language Program\lap trinh C[C++]\GameDonGian\GameDonGian\Debug\link.165260.read.1.tlog
D:\Language Program\lap trinh C[C++]\GameDonGian\GameDonGian\Debug\link.165260.write.1.tlog
D:\Language Program\lap trinh C[C++]\GameDonGian\GameDonGian\Debug\link.165360-cvtres.read.1.tlog
D:\Language Program\lap trinh C[C++]\GameDonGian\GameDonGian\Debug\link.165360-cvtres.write.1.tlog
D:\Language Program\lap trinh C[C++]\GameDonGian\GameDonGian\Debug\link.165360-rc.read.1.tlog
D:\Language Program\lap trinh C[C++]\GameDonGian\GameDonGian\Debug\link.165360-rc.write.1.tlog
D:\Language Program\lap trinh C[C++]\GameDonGian\GameDonGian\Debug\link.165360.read.1.tlog
D:\Language Program\lap trinh C[C++]\GameDonGian\GameDonGian\Debug\link.165360.write.1.tlog
D:\Language Program\lap trinh C[C++]\GameDonGian\GameDonGian\Debug\link.165380-cvtres.read.1.tlog
D:\Language Program\lap trinh C[C++]\GameDonGian\GameDonGian\Debug\link.165380-cvtres.write.1.tlog
D:\Language Program\lap trinh C[C++]\GameDonGian\GameDonGian\Debug\link.165380-rc.read.1.tlog
D:\Language Program\lap trinh C[C++]\GameDonGian\GameDonGian\Debug\link.165380-rc.write.1.tlog
D:\Language Program\lap trinh C[C++]\GameDonGian\GameDonGian\Debug\link.165380.read.1.tlog
D:\Language Program\lap trinh C[C++]\GameDonGian\GameDonGian\Debug\link.165380.write.1.tlog
D:\Language Program\lap trinh C[C++]\GameDonGian\GameDonGian\Debug\link.16556-cvtres.read.1.tlog
D:\Language Program\lap trinh C[C++]\GameDonGian\GameDonGian\Debug\link.16556-cvtres.write.1.tlog
D:\Language Program\lap trinh C[C++]\GameDonGian\GameDonGian\Debug\link.16556-rc.read.1.tlog
D:\Language Program\lap trinh C[C++]\GameDonGian\GameDonGian\Debug\link.16556-rc.write.1.tlog
D:\Language Program\lap trinh C[C++]\GameDonGian\GameDonGian\Debug\link.16556.read.1.tlog
D:\Language Program\lap trinh C[C++]\GameDonGian\GameDonGian\Debug\link.16556.write.1.tlog
D:\Language Program\lap trinh C[C++]\GameDonGian\GameDonGian\Debug\link.165860-cvtres.read.1.tlog
D:\Language Program\lap trinh C[C++]\GameDonGian\GameDonGian\Debug\link.165860-cvtres.write.1.tlog
D:\Language Program\lap trinh C[C++]\GameDonGian\GameDonGian\Debug\link.165860-rc.read.1.tlog
D:\Language Program\lap trinh C[C++]\GameDonGian\GameDonGian\Debug\link.165860-rc.write.1.tlog
D:\Language Program\lap trinh C[C++]\GameDonGian\GameDonGian\Debug\link.165860.read.1.tlog
D:\Language Program\lap trinh C[C++]\GameDonGian\GameDonGian\Debug\link.165860.write.1.tlog
D:\Language Program\lap trinh C[C++]\GameDonGian\GameDonGian\Debug\link.165876-cvtres.read.1.tlog
D:\Language Program\lap trinh C[C++]\GameDonGian\GameDonGian\Debug\link.165876-cvtres.write.1.tlog
D:\Language Program\lap trinh C[C++]\GameDonGian\GameDonGian\Debug\link.165876-rc.read.1.tlog
D:\Language Program\lap trinh C[C++]\GameDonGian\GameDonGian\Debug\link.165876-rc.write.1.tlog
D:\Language Program\lap trinh C[C++]\GameDonGian\GameDonGian\Debug\link.165876.read.1.tlog
D:\Language Program\lap trinh C[C++]\GameDonGian\GameDonGian\Debug\link.165876.write.1.tlog
D:\Language Program\lap trinh C[C++]\GameDonGian\GameDonGian\Debug\link.166820-cvtres.read.1.tlog
D:\Language Program\lap trinh C[C++]\GameDonGian\GameDonGian\Debug\link.166820-cvtres.write.1.tlog
D:\Language Program\lap trinh C[C++]\GameDonGian\GameDonGian\Debug\link.166820-rc.read.1.tlog
D:\Language Program\lap trinh C[C++]\GameDonGian\GameDonGian\Debug\link.166820-rc.write.1.tlog
D:\Language Program\lap trinh C[C++]\GameDonGian\GameDonGian\Debug\link.166820.read.1.tlog
D:\Language Program\lap trinh C[C++]\GameDonGian\GameDonGian\Debug\link.166820.write.1.tlog
D:\Language Program\lap trinh C[C++]\GameDonGian\GameDonGian\Debug\link.167996-cvtres.read.1.tlog
D:\Language Program\lap trinh C[C++]\GameDonGian\GameDonGian\Debug\link.167996-cvtres.write.1.tlog
D:\Language Program\lap trinh C[C++]\GameDonGian\GameDonGian\Debug\link.167996-rc.read.1.tlog
D:\Language Program\lap trinh C[C++]\GameDonGian\GameDonGian\Debug\link.167996-rc.write.1.tlog
D:\Language Program\lap trinh C[C++]\GameDonGian\GameDonGian\Debug\link.167996.read.1.tlog
D:\Language Program\lap trinh C[C++]\GameDonGian\GameDonGian\Debug\link.167996.write.1.tlog
D:\Language Program\lap trinh C[C++]\GameDonGian\GameDonGian\Debug\link.171456-cvtres.read.1.tlog
D:\Language Program\lap trinh C[C++]\GameDonGian\GameDonGian\Debug\link.171456-cvtres.write.1.tlog
D:\Language Program\lap trinh C[C++]\GameDonGian\GameDonGian\Debug\link.171456-rc.read.1.tlog
D:\Language Program\lap trinh C[C++]\GameDonGian\GameDonGian\Debug\link.171456-rc.write.1.tlog
D:\Language Program\lap trinh C[C++]\GameDonGian\GameDonGian\Debug\link.171456.read.1.tlog
D:\Language Program\lap trinh C[C++]\GameDonGian\GameDonGian\Debug\link.171456.write.1.tlog
D:\Language Program\lap trinh C[C++]\GameDonGian\GameDonGian\Debug\link.171504-cvtres.read.1.tlog
D:\Language Program\lap trinh C[C++]\GameDonGian\GameDonGian\Debug\link.171504-cvtres.write.1.tlog
D:\Language Program\lap trinh C[C++]\GameDonGian\GameDonGian\Debug\link.171504-rc.read.1.tlog
D:\Language Program\lap trinh C[C++]\GameDonGian\GameDonGian\Debug\link.171504-rc.write.1.tlog
D:\Language Program\lap trinh C[C++]\GameDonGian\GameDonGian\Debug\link.171504.read.1.tlog
D:\Language Program\lap trinh C[C++]\GameDonGian\GameDonGian\Debug\link.171504.write.1.tlog
D:\Language Program\lap trinh C[C++]\GameDonGian\GameDonGian\Debug\link.17180-cvtres.read.1.tlog
D:\Language Program\lap trinh C[C++]\GameDonGian\GameDonGian\Debug\link.17180-cvtres.write.1.tlog
D:\Language Program\lap trinh C[C++]\GameDonGian\GameDonGian\Debug\link.17180-rc.read.1.tlog
D:\Language Program\lap trinh C[C++]\GameDonGian\GameDonGian\Debug\link.17180-rc.write.1.tlog
D:\Language Program\lap trinh C[C++]\GameDonGian\GameDonGian\Debug\link.17180.read.1.tlog
D:\Language Program\lap trinh C[C++]\GameDonGian\GameDonGian\Debug\link.17180.write.1.tlog
D:\Language Program\lap trinh C[C++]\GameDonGian\GameDonGian\Debug\link.173768-cvtres.read.1.tlog
D:\Language Program\lap trinh C[C++]\GameDonGian\GameDonGian\Debug\link.173768-cvtres.write.1.tlog
D:\Language Program\lap trinh C[C++]\GameDonGian\GameDonGian\Debug\link.173768-rc.read.1.tlog
D:\Language Program\lap trinh C[C++]\GameDonGian\GameDonGian\Debug\link.173768-rc.write.1.tlog
D:\Language Program\lap trinh C[C++]\GameDonGian\GameDonGian\Debug\link.173768.read.1.tlog
D:\Language Program\lap trinh C[C++]\GameDonGian\GameDonGian\Debug\link.173768.write.1.tlog
D:\Language Program\lap trinh C[C++]\GameDonGian\GameDonGian\Debug\link.174708-cvtres.read.1.tlog
D:\Language Program\lap trinh C[C++]\GameDonGian\GameDonGian\Debug\link.174708-cvtres.write.1.tlog
D:\Language Program\lap trinh C[C++]\GameDonGian\GameDonGian\Debug\link.174708-rc.read.1.tlog
D:\Language Program\lap trinh C[C++]\GameDonGian\GameDonGian\Debug\link.174708-rc.write.1.tlog
D:\Language Program\lap trinh C[C++]\GameDonGian\GameDonGian\Debug\link.174708.read.1.tlog
D:\Language Program\lap trinh C[C++]\GameDonGian\GameDonGian\Debug\link.174708.write.1.tlog
D:\Language Program\lap trinh C[C++]\GameDonGian\GameDonGian\Debug\link.175320-cvtres.read.1.tlog
D:\Language Program\lap trinh C[C++]\GameDonGian\GameDonGian\Debug\link.175320-cvtres.write.1.tlog
D:\Language Program\lap trinh C[C++]\GameDonGian\GameDonGian\Debug\link.175320-rc.read.1.tlog
D:\Language Program\lap trinh C[C++]\GameDonGian\GameDonGian\Debug\link.175320-rc.write.1.tlog
D:\Language Program\lap trinh C[C++]\GameDonGian\GameDonGian\Debug\link.175320.read.1.tlog
D:\Language Program\lap trinh C[C++]\GameDonGian\GameDonGian\Debug\link.175320.write.1.tlog
D:\Language Program\lap trinh C[C++]\GameDonGian\GameDonGian\Debug\link.175964-cvtres.read.1.tlog
D:\Language Program\lap trinh C[C++]\GameDonGian\GameDonGian\Debug\link.175964-cvtres.write.1.tlog
D:\Language Program\lap trinh C[C++]\GameDonGian\GameDonGian\Debug\link.175964-rc.read.1.tlog
D:\Language Program\lap trinh C[C++]\GameDonGian\GameDonGian\Debug\link.175964-rc.write.1.tlog
D:\Language Program\lap trinh C[C++]\GameDonGian\GameDonGian\Debug\link.175964.read.1.tlog
D:\Language Program\lap trinh C[C++]\GameDonGian\GameDonGian\Debug\link.175964.write.1.tlog
D:\Language Program\lap trinh C[C++]\GameDonGian\GameDonGian\Debug\link.177124-cvtres.read.1.tlog
D:\Language Program\lap trinh C[C++]\GameDonGian\GameDonGian\Debug\link.177124-cvtres.write.1.tlog
D:\Language Program\lap trinh C[C++]\GameDonGian\GameDonGian\Debug\link.177124-rc.read.1.tlog
D:\Language Program\lap trinh C[C++]\GameDonGian\GameDonGian\Debug\link.177124-rc.write.1.tlog
D:\Language Program\lap trinh C[C++]\GameDonGian\GameDonGian\Debug\link.177124.read.1.tlog
D:\Language Program\lap trinh C[C++]\GameDonGian\GameDonGian\Debug\link.177124.write.1.tlog
D:\Language Program\lap trinh C[C++]\GameDonGian\GameDonGian\Debug\link.182544-cvtres.read.1.tlog
D:\Language Program\lap trinh C[C++]\GameDonGian\GameDonGian\Debug\link.182544-cvtres.write.1.tlog
D:\Language Program\lap trinh C[C++]\GameDonGian\GameDonGian\Debug\link.182544-rc.read.1.tlog
D:\Language Program\lap trinh C[C++]\GameDonGian\GameDonGian\Debug\link.182544-rc.write.1.tlog
D:\Language Program\lap trinh C[C++]\GameDonGian\GameDonGian\Debug\link.182544.read.1.tlog
D:\Language Program\lap trinh C[C++]\GameDonGian\GameDonGian\Debug\link.182544.write.1.tlog
D:\Language Program\lap trinh C[C++]\GameDonGian\GameDonGian\Debug\link.191652-cvtres.read.1.tlog
D:\Language Program\lap trinh C[C++]\GameDonGian\GameDonGian\Debug\link.191652-cvtres.write.1.tlog
D:\Language Program\lap trinh C[C++]\GameDonGian\GameDonGian\Debug\link.191652-rc.read.1.tlog
D:\Language Program\lap trinh C[C++]\GameDonGian\GameDonGian\Debug\link.191652-rc.write.1.tlog
D:\Language Program\lap trinh C[C++]\GameDonGian\GameDonGian\Debug\link.191652.read.1.tlog
D:\Language Program\lap trinh C[C++]\GameDonGian\GameDonGian\Debug\link.191652.write.1.tlog
D:\Language Program\lap trinh C[C++]\GameDonGian\GameDonGian\Debug\link.192212-cvtres.read.1.tlog
D:\Language Program\lap trinh C[C++]\GameDonGian\GameDonGian\Debug\link.192212-cvtres.write.1.tlog
D:\Language Program\lap trinh C[C++]\GameDonGian\GameDonGian\Debug\link.192212-rc.read.1.tlog
D:\Language Program\lap trinh C[C++]\GameDonGian\GameDonGian\Debug\link.192212-rc.write.1.tlog
D:\Language Program\lap trinh C[C++]\GameDonGian\GameDonGian\Debug\link.192212.read.1.tlog
D:\Language Program\lap trinh C[C++]\GameDonGian\GameDonGian\Debug\link.192212.write.1.tlog
D:\Language Program\lap trinh C[C++]\GameDonGian\GameDonGian\Debug\link.195940-cvtres.read.1.tlog
D:\Language Program\lap trinh C[C++]\GameDonGian\GameDonGian\Debug\link.195940-cvtres.write.1.tlog
D:\Language Program\lap trinh C[C++]\GameDonGian\GameDonGian\Debug\link.195940-rc.read.1.tlog
D:\Language Program\lap trinh C[C++]\GameDonGian\GameDonGian\Debug\link.195940-rc.write.1.tlog
D:\Language Program\lap trinh C[C++]\GameDonGian\GameDonGian\Debug\link.195940.read.1.tlog
D:\Language Program\lap trinh C[C++]\GameDonGian\GameDonGian\Debug\link.195940.write.1.tlog
D:\Language Program\lap trinh C[C++]\GameDonGian\GameDonGian\Debug\link.23512-cvtres.read.1.tlog
D:\Language Program\lap trinh C[C++]\GameDonGian\GameDonGian\Debug\link.23512-cvtres.write.1.tlog
D:\Language Program\lap trinh C[C++]\GameDonGian\GameDonGian\Debug\link.23512-rc.read.1.tlog
D:\Language Program\lap trinh C[C++]\GameDonGian\GameDonGian\Debug\link.23512-rc.write.1.tlog
D:\Language Program\lap trinh C[C++]\GameDonGian\GameDonGian\Debug\link.23512.read.1.tlog
D:\Language Program\lap trinh C[C++]\GameDonGian\GameDonGian\Debug\link.23512.write.1.tlog
D:\Language Program\lap trinh C[C++]\GameDonGian\GameDonGian\Debug\link.24316-cvtres.read.1.tlog
D:\Language Program\lap trinh C[C++]\GameDonGian\GameDonGian\Debug\link.24316-cvtres.write.1.tlog
D:\Language Program\lap trinh C[C++]\GameDonGian\GameDonGian\Debug\link.24316-rc.read.1.tlog
D:\Language Program\lap trinh C[C++]\GameDonGian\GameDonGian\Debug\link.24316-rc.write.1.tlog
D:\Language Program\lap trinh C[C++]\GameDonGian\GameDonGian\Debug\link.24316.read.1.tlog
D:\Language Program\lap trinh C[C++]\GameDonGian\GameDonGian\Debug\link.24316.write.1.tlog
D:\Language Program\lap trinh C[C++]\GameDonGian\GameDonGian\Debug\link.33632-cvtres.read.1.tlog
D:\Language Program\lap trinh C[C++]\GameDonGian\GameDonGian\Debug\link.33632-cvtres.write.1.tlog
D:\Language Program\lap trinh C[C++]\GameDonGian\GameDonGian\Debug\link.33632-rc.read.1.tlog
D:\Language Program\lap trinh C[C++]\GameDonGian\GameDonGian\Debug\link.33632-rc.write.1.tlog
D:\Language Program\lap trinh C[C++]\GameDonGian\GameDonGian\Debug\link.33632.read.1.tlog
D:\Language Program\lap trinh C[C++]\GameDonGian\GameDonGian\Debug\link.33632.write.1.tlog
D:\Language Program\lap trinh C[C++]\GameDonGian\GameDonGian\Debug\link.4048-cvtres.read.1.tlog
D:\Language Program\lap trinh C[C++]\GameDonGian\GameDonGian\Debug\link.4048-cvtres.write.1.tlog
D:\Language Program\lap trinh C[C++]\GameDonGian\GameDonGian\Debug\link.4048-rc.read.1.tlog
D:\Language Program\lap trinh C[C++]\GameDonGian\GameDonGian\Debug\link.4048-rc.write.1.tlog
D:\Language Program\lap trinh C[C++]\GameDonGian\GameDonGian\Debug\link.4048.read.1.tlog
D:\Language Program\lap trinh C[C++]\GameDonGian\GameDonGian\Debug\link.4048.write.1.tlog
D:\Language Program\lap trinh C[C++]\GameDonGian\GameDonGian\Debug\link.42084-cvtres.read.1.tlog
D:\Language Program\lap trinh C[C++]\GameDonGian\GameDonGian\Debug\link.42084-cvtres.write.1.tlog
D:\Language Program\lap trinh C[C++]\GameDonGian\GameDonGian\Debug\link.42084-rc.read.1.tlog
D:\Language Program\lap trinh C[C++]\GameDonGian\GameDonGian\Debug\link.42084-rc.write.1.tlog
D:\Language Program\lap trinh C[C++]\GameDonGian\GameDonGian\Debug\link.42084.read.1.tlog
D:\Language Program\lap trinh C[C++]\GameDonGian\GameDonGian\Debug\link.42084.write.1.tlog
D:\Language Program\lap trinh C[C++]\GameDonGian\GameDonGian\Debug\link.55680-cvtres.read.1.tlog
D:\Language Program\lap trinh C[C++]\GameDonGian\GameDonGian\Debug\link.55680-cvtres.write.1.tlog
D:\Language Program\lap trinh C[C++]\GameDonGian\GameDonGian\Debug\link.55680-rc.read.1.tlog
D:\Language Program\lap trinh C[C++]\GameDonGian\GameDonGian\Debug\link.55680-rc.write.1.tlog
D:\Language Program\lap trinh C[C++]\GameDonGian\GameDonGian\Debug\link.55680.read.1.tlog
D:\Language Program\lap trinh C[C++]\GameDonGian\GameDonGian\Debug\link.55680.write.1.tlog
D:\Language Program\lap trinh C[C++]\GameDonGian\GameDonGian\Debug\link.55864-cvtres.read.1.tlog
D:\Language Program\lap trinh C[C++]\GameDonGian\GameDonGian\Debug\link.55864-cvtres.write.1.tlog
D:\Language Program\lap trinh C[C++]\GameDonGian\GameDonGian\Debug\link.55864-rc.read.1.tlog
D:\Language Program\lap trinh C[C++]\GameDonGian\GameDonGian\Debug\link.55864-rc.write.1.tlog
D:\Language Program\lap trinh C[C++]\GameDonGian\GameDonGian\Debug\link.55864.read.1.tlog
D:\Language Program\lap trinh C[C++]\GameDonGian\GameDonGian\Debug\link.55864.write.1.tlog
D:\Language Program\lap trinh C[C++]\GameDonGian\GameDonGian\Debug\link.75200-cvtres.read.1.tlog
D:\Language Program\lap trinh C[C++]\GameDonGian\GameDonGian\Debug\link.75200-cvtres.write.1.tlog
D:\Language Program\lap trinh C[C++]\GameDonGian\GameDonGian\Debug\link.75200-rc.read.1.tlog
D:\Language Program\lap trinh C[C++]\GameDonGian\GameDonGian\Debug\link.75200-rc.write.1.tlog
D:\Language Program\lap trinh C[C++]\GameDonGian\GameDonGian\Debug\link.75200.read.1.tlog
D:\Language Program\lap trinh C[C++]\GameDonGian\GameDonGian\Debug\link.75200.write.1.tlog
D:\Language Program\lap trinh C[C++]\GameDonGian\GameDonGian\Debug\link.78988-cvtres.read.1.tlog
D:\Language Program\lap trinh C[C++]\GameDonGian\GameDonGian\Debug\link.78988-cvtres.write.1.tlog
D:\Language Program\lap trinh C[C++]\GameDonGian\GameDonGian\Debug\link.78988-rc.read.1.tlog
D:\Language Program\lap trinh C[C++]\GameDonGian\GameDonGian\Debug\link.78988-rc.write.1.tlog
D:\Language Program\lap trinh C[C++]\GameDonGian\GameDonGian\Debug\link.78988.read.1.tlog
D:\Language Program\lap trinh C[C++]\GameDonGian\GameDonGian\Debug\link.78988.write.1.tlog
D:\Language Program\lap trinh C[C++]\GameDonGian\GameDonGian\Debug\link.82524-cvtres.read.1.tlog
D:\Language Program\lap trinh C[C++]\GameDonGian\GameDonGian\Debug\link.82524-cvtres.write.1.tlog
D:\Language Program\lap trinh C[C++]\GameDonGian\GameDonGian\Debug\link.82524-rc.read.1.tlog
D:\Language Program\lap trinh C[C++]\GameDonGian\GameDonGian\Debug\link.82524-rc.write.1.tlog
D:\Language Program\lap trinh C[C++]\GameDonGian\GameDonGian\Debug\link.82524.read.1.tlog
D:\Language Program\lap trinh C[C++]\GameDonGian\GameDonGian\Debug\link.82524.write.1.tlog
D:\Language Program\lap trinh C[C++]\GameDonGian\GameDonGian\Debug\link.82960-cvtres.read.1.tlog
D:\Language Program\lap trinh C[C++]\GameDonGian\GameDonGian\Debug\link.82960-cvtres.write.1.tlog
D:\Language Program\lap trinh C[C++]\GameDonGian\GameDonGian\Debug\link.82960-rc.read.1.tlog
D:\Language Program\lap trinh C[C++]\GameDonGian\GameDonGian\Debug\link.82960-rc.write.1.tlog
D:\Language Program\lap trinh C[C++]\GameDonGian\GameDonGian\Debug\link.82960.read.1.tlog
D:\Language Program\lap trinh C[C++]\GameDonGian\GameDonGian\Debug\link.82960.write.1.tlog
D:\Language Program\lap trinh C[C++]\GameDonGian\GameDonGian\Debug\link.83120-cvtres.read.1.tlog
D:\Language Program\lap trinh C[C++]\GameDonGian\GameDonGian\Debug\link.83120-cvtres.write.1.tlog
D:\Language Program\lap trinh C[C++]\GameDonGian\GameDonGian\Debug\link.83120-rc.read.1.tlog
D:\Language Program\lap trinh C[C++]\GameDonGian\GameDonGian\Debug\link.83120-rc.write.1.tlog
D:\Language Program\lap trinh C[C++]\GameDonGian\GameDonGian\Debug\link.83120.read.1.tlog
D:\Language Program\lap trinh C[C++]\GameDonGian\GameDonGian\Debug\link.83120.write.1.tlog
D:\Language Program\lap trinh C[C++]\GameDonGian\GameDonGian\Debug\link.83240-cvtres.read.1.tlog
D:\Language Program\lap trinh C[C++]\GameDonGian\GameDonGian\Debug\link.83240-cvtres.write.1.tlog
D:\Language Program\lap trinh C[C++]\GameDonGian\GameDonGian\Debug\link.83240-rc.read.1.tlog
D:\Language Program\lap trinh C[C++]\GameDonGian\GameDonGian\Debug\link.83240-rc.write.1.tlog
D:\Language Program\lap trinh C[C++]\GameDonGian\GameDonGian\Debug\link.83240.read.1.tlog
D:\Language Program\lap trinh C[C++]\GameDonGian\GameDonGian\Debug\link.83240.write.1.tlog
D:\Language Program\lap trinh C[C++]\GameDonGian\GameDonGian\Debug\link.9616-cvtres.read.1.tlog
D:\Language Program\lap trinh C[C++]\GameDonGian\GameDonGian\Debug\link.9616-cvtres.write.1.tlog
D:\Language Program\lap trinh C[C++]\GameDonGian\GameDonGian\Debug\link.9616-rc.read.1.tlog
D:\Language Program\lap trinh C[C++]\GameDonGian\GameDonGian\Debug\link.9616-rc.write.1.tlog
D:\Language Program\lap trinh C[C++]\GameDonGian\GameDonGian\Debug\link.9616.read.1.tlog
D:\Language Program\lap trinh C[C++]\GameDonGian\GameDonGian\Debug\link.9616.write.1.tlog
D:\Language Program\lap trinh C[C++]\GameDonGian\GameDonGian\Debug\link.command.1.tlog
D:\Language Program\lap trinh C[C++]\GameDonGian\GameDonGian\Debug\link.read.1.tlog
D:\Language Program\lap trinh C[C++]\GameDonGian\GameDonGian\Debug\link.write.1.tlog
D:\Language Program\lap trinh C[C++]\GameDonGian\GameDonGian\Debug\rc.command.1.tlog
D:\Language Program\lap trinh C[C++]\GameDonGian\GameDonGian\Debug\rc.read.1.tlog
D:\Language Program\lap trinh C[C++]\GameDonGian\GameDonGian\Debug\rc.write.1.tlog
D:\Language Program\lap trinh C[C++]\GameDonGian\GameDonGian\Debug\GameDonGian.res
D:\Language Program\lap trinh C[C++]\GameDonGian\GameDonGian\Debug\vc110.idb
D:\Language Program\lap trinh C[C++]\GameDonGian\GameDonGian\Debug\vc110.pdb
D:\Language Program\lap trinh C[C++]\GameDonGian\Debug\GameDonGian.pdb
D:\Language Program\lap trinh C[C++]\GameDonGian\Debug\GameDonGian.exe
D:\Language Program\lap trinh C[C++]\GameDonGian\Debug\GameDonGian.ilk
